<?xml version="1.0" encoding="UTF-8"?>
<testsuite name="org.example.ParkingTest" tests="2" skipped="0" failures="0" errors="0" timestamp="2023-09-13T05:12:53" hostname="Meenals-MacBook-Pro.local" time="0.008">
  <properties/>
  <testcase name="shouldPark1Car()" classname="org.example.ParkingTest" time="0.007"/>
  <testcase name="shouldPark2Car()" classname="org.example.ParkingTest" time="0.0"/>
  <system-out><![CDATA[]]></system-out>
  <system-err><![CDATA[]]></system-err>
</testsuite>
